[0.061s] Invoking command in '/home/jsc/ros2_ws/build/jsc_mecanum_controller': CMAKE_PREFIX_PATH=${CMAKE_PREFIX_PATH}:/home/jsc/ros2_ws/install/robot_sensor_distance:/home/jsc/ros2_ws/install/robot_nav2:/home/jsc/ros2_ws/install/robot_distancia:/home/jsc/ros2_ws/install/robot_controller:/home/jsc/ros2_ws/install/motor_gui_pkg:/home/jsc/Aros2duino/install/aros2duino:/opt/ros/humble /usr/bin/cmake /home/jsc/ros2_ws/src/jsc_mecanum_controller -DAMENT_CMAKE_SYMLINK_INSTALL=1 -DCMAKE_INSTALL_PREFIX=/home/jsc/ros2_ws/install/jsc_mecanum_controller
[0.664s] -- Found ament_cmake: 1.3.10 (/opt/ros/humble/share/ament_cmake/cmake)
[0.664s] -- Override CMake install command with custom implementation using symlinks instead of copying resources
[0.665s] -- Found controller_interface: 2.43.1 (/opt/ros/humble/share/controller_interface/cmake)
[0.665s] -- Found rosidl_generator_c: 3.1.5 (/opt/ros/humble/share/rosidl_generator_c/cmake)
[0.665s] -- Found rosidl_adapter: 3.1.5 (/opt/ros/humble/share/rosidl_adapter/cmake)
[0.669s] -- Found rosidl_generator_cpp: 3.1.5 (/opt/ros/humble/share/rosidl_generator_cpp/cmake)
[0.670s] -- Using all available rosidl_typesupport_c: rosidl_typesupport_fastrtps_c;rosidl_typesupport_introspection_c
[0.670s] -- Using all available rosidl_typesupport_cpp: rosidl_typesupport_fastrtps_cpp;rosidl_typesupport_introspection_cpp
[0.794s] -- Found rmw_implementation_cmake: 6.1.2 (/opt/ros/humble/share/rmw_implementation_cmake/cmake)
[0.810s] -- Found rmw_fastrtps_cpp: 6.2.7 (/opt/ros/humble/share/rmw_fastrtps_cpp/cmake)
[0.830s] -- Found TinyXML2 via Config file: TinyXML2_DIR-NOTFOUND
[0.841s] -- Found TinyXML2 via Config file: TinyXML2_DIR-NOTFOUND
[0.868s] -- Found TinyXML2 via Config file: TinyXML2_DIR-NOTFOUND
[0.881s] -- Found TinyXML2 via Config file: TinyXML2_DIR-NOTFOUND
[0.904s] -- Using RMW implementation 'rmw_fastrtps_cpp' as default
[0.998s] -- Found realtime_tools: 2.6.0 (/opt/ros/humble/share/realtime_tools/cmake)
[1.124s] -- Configuring done
[1.161s] -- Generating done
[1.163s] -- Build files have been written to: /home/jsc/ros2_ws/build/jsc_mecanum_controller
[1.695s] Invoked command in '/home/jsc/ros2_ws/build/jsc_mecanum_controller' returned '0': CMAKE_PREFIX_PATH=${CMAKE_PREFIX_PATH}:/home/jsc/ros2_ws/install/robot_sensor_distance:/home/jsc/ros2_ws/install/robot_nav2:/home/jsc/ros2_ws/install/robot_distancia:/home/jsc/ros2_ws/install/robot_controller:/home/jsc/ros2_ws/install/motor_gui_pkg:/home/jsc/Aros2duino/install/aros2duino:/opt/ros/humble /usr/bin/cmake /home/jsc/ros2_ws/src/jsc_mecanum_controller -DAMENT_CMAKE_SYMLINK_INSTALL=1 -DCMAKE_INSTALL_PREFIX=/home/jsc/ros2_ws/install/jsc_mecanum_controller
[1.697s] Invoking command in '/home/jsc/ros2_ws/build/jsc_mecanum_controller': CMAKE_PREFIX_PATH=${CMAKE_PREFIX_PATH}:/home/jsc/ros2_ws/install/robot_sensor_distance:/home/jsc/ros2_ws/install/robot_nav2:/home/jsc/ros2_ws/install/robot_distancia:/home/jsc/ros2_ws/install/robot_controller:/home/jsc/ros2_ws/install/motor_gui_pkg:/home/jsc/Aros2duino/install/aros2duino:/opt/ros/humble /usr/bin/cmake --build /home/jsc/ros2_ws/build/jsc_mecanum_controller -- -j12 -l12
[2.405s] [35m[1mConsolidate compiler generated dependencies of target jsc_mecanum_controller[0m
[2.405s] [ 33%] [32mBuilding CXX object CMakeFiles/jsc_mecanum_controller.dir/src/jsc_mecanum_drive_controller.cpp.o[0m
[5.166s] [01m[K/home/jsc/ros2_ws/src/jsc_mecanum_controller/src/jsc_mecanum_drive_controller.cpp:[m[K In member function â€˜[01m[Kvirtual controller_interface::return_type jsc::mecanumbot::controller::MecanumbotDriveController::update(const rclcpp::Time&, const rclcpp::Duration&)[m[Kâ€™:
[5.166s] [01m[K/home/jsc/ros2_ws/src/jsc_mecanum_controller/src/jsc_mecanum_drive_controller.cpp:70:45:[m[K [01;31m[Kerror: [m[Kâ€˜[01m[Kusing element_type = struct geometry_msgs::msg::Twist_<std::allocator<void> >[m[Kâ€™ {aka â€˜[01m[Kstruct geometry_msgs::msg::Twist_<std::allocator<void> >[m[Kâ€™} has no member named â€˜[01m[Ktwist[m[Kâ€™; did you mean â€˜[01m[KTwist_[m[Kâ€™?
[5.166s]    70 |     const auto twist = (*velocity_command)->[01;31m[Ktwist[m[K;
[5.166s]       |                                             [01;31m[K^~~~~[m[K
[5.166s]       |                                             [32m[KTwist_[m[K
[5.166s] [01m[K/home/jsc/ros2_ws/src/jsc_mecanum_controller/src/jsc_mecanum_drive_controller.cpp:60:90:[m[K [01;35m[Kwarning: [m[Kunused parameter â€˜[01m[Ktime[m[Kâ€™ [[01;35m[K]8;;https://gcc.gnu.org/onlinedocs/gcc/Warning-Options.html#index-Wunused-parameter-Wunused-parameter]8;;[m[K]
[5.167s]    60 | controller_interface::return_type MecanumbotDriveController::update([01;35m[Kconst rclcpp::Time & time[m[K, const rclcpp::Duration & period)
[5.167s]       |                                                                     [01;35m[K~~~~~~~~~~~~~~~~~~~~~^~~~[m[K
[5.167s] [01m[K/home/jsc/ros2_ws/src/jsc_mecanum_controller/src/jsc_mecanum_drive_controller.cpp:60:121:[m[K [01;35m[Kwarning: [m[Kunused parameter â€˜[01m[Kperiod[m[Kâ€™ [[01;35m[K]8;;https://gcc.gnu.org/onlinedocs/gcc/Warning-Options.html#index-Wunused-parameter-Wunused-parameter]8;;[m[K]
[5.167s]    60 | controller_interface::return_type MecanumbotDriveController::update(const rclcpp::Time & time, [01;35m[Kconst rclcpp::Duration & period[m[K)
[5.167s]       |                                                                                                [01;35m[K~~~~~~~~~~~~~~~~~~~~~~~~~^~~~~~[m[K
[7.437s] gmake[2]: *** [CMakeFiles/jsc_mecanum_controller.dir/build.make:76: CMakeFiles/jsc_mecanum_controller.dir/src/jsc_mecanum_drive_controller.cpp.o] Error 1
[7.437s] gmake[1]: *** [CMakeFiles/Makefile2:137: CMakeFiles/jsc_mecanum_controller.dir/all] Error 2
[7.437s] gmake: *** [Makefile:146: all] Error 2
[7.439s] Invoked command in '/home/jsc/ros2_ws/build/jsc_mecanum_controller' returned '2': CMAKE_PREFIX_PATH=${CMAKE_PREFIX_PATH}:/home/jsc/ros2_ws/install/robot_sensor_distance:/home/jsc/ros2_ws/install/robot_nav2:/home/jsc/ros2_ws/install/robot_distancia:/home/jsc/ros2_ws/install/robot_controller:/home/jsc/ros2_ws/install/motor_gui_pkg:/home/jsc/Aros2duino/install/aros2duino:/opt/ros/humble /usr/bin/cmake --build /home/jsc/ros2_ws/build/jsc_mecanum_controller -- -j12 -l12
